1 Node 1 Core
2021-04-09 08:58:58,314 - INFO - Starting execution at Fri Apr  9 08:58:58 2021
2021-04-09 08:58:58,397 - INFO - Commencing processing of chunk beginning at 0 of 14989216936 of size 14989216936 at worker 0
2021-04-09 08:59:16,134 - INFO - Succesfully parsed file portion 1/14 at worker 0
2021-04-09 08:59:33,156 - INFO - Succesfully parsed file portion 2/14 at worker 0
2021-04-09 08:59:50,222 - INFO - Succesfully parsed file portion 3/14 at worker 0
2021-04-09 09:00:07,794 - WARNING - Issue with searching tweet for co-ordinates
2021-04-09 09:00:07,864 - INFO - Succesfully parsed file portion 4/14 at worker 0
2021-04-09 09:00:24,410 - WARNING - Issue with searching tweet for co-ordinates
2021-04-09 09:00:24,550 - INFO - Succesfully parsed file portion 5/14 at worker 0
2021-04-09 09:00:41,960 - INFO - Succesfully parsed file portion 6/14 at worker 0
2021-04-09 09:00:58,450 - INFO - Succesfully parsed file portion 7/14 at worker 0
2021-04-09 09:01:16,657 - INFO - Succesfully parsed file portion 8/14 at worker 0
2021-04-09 09:01:34,740 - INFO - Succesfully parsed file portion 9/14 at worker 0
2021-04-09 09:01:52,548 - INFO - Succesfully parsed file portion 10/14 at worker 0
2021-04-09 09:02:11,036 - INFO - Succesfully parsed file portion 11/14 at worker 0
2021-04-09 09:02:29,002 - INFO - Succesfully parsed file portion 12/14 at worker 0
2021-04-09 09:02:46,122 - WARNING - Issue with searching tweet for co-ordinates
2021-04-09 09:02:46,234 - INFO - Succesfully parsed file portion 13/14 at worker 0
2021-04-09 09:03:04,888 - INFO - Succesfully parsed file portion 14/14 at worker 0
2021-04-09 09:03:04,892 - INFO - Worker 0 finished.
2021-04-09 09:03:04,892 - INFO - A1, Tweet count: 2754, Sentiment score: 635
2021-04-09 09:03:04,892 - INFO - A2, Tweet count: 4904, Sentiment score: 3829
2021-04-09 09:03:04,893 - INFO - A3, Tweet count: 6000, Sentiment score: 2470
2021-04-09 09:03:04,893 - INFO - A4, Tweet count: 394, Sentiment score: 49
2021-04-09 09:03:04,893 - INFO - B1, Tweet count: 21230, Sentiment score: 10082
2021-04-09 09:03:04,893 - INFO - B2, Tweet count: 107765, Sentiment score: 23648
2021-04-09 09:03:04,893 - INFO - B3, Tweet count: 34331, Sentiment score: 17083
2021-04-09 09:03:04,893 - INFO - B4, Tweet count: 6763, Sentiment score: 4987
2021-04-09 09:03:04,893 - INFO - C1, Tweet count: 10643, Sentiment score: 6400
2021-04-09 09:03:04,893 - INFO - C2, Tweet count: 246542, Sentiment score: 153609
2021-04-09 09:03:04,893 - INFO - C3, Tweet count: 69888, Sentiment score: 34610
2021-04-09 09:03:04,893 - INFO - C4, Tweet count: 25963, Sentiment score: 16718
2021-04-09 09:03:04,893 - INFO - C5, Tweet count: 5581, Sentiment score: 2089
2021-04-09 09:03:04,893 - INFO - D3, Tweet count: 16316, Sentiment score: 6664
2021-04-09 09:03:04,893 - INFO - D4, Tweet count: 16665, Sentiment score: 7953
2021-04-09 09:03:04,893 - INFO - D5, Tweet count: 4705, Sentiment score: 3068
2021-04-09 09:03:04,893 - INFO - Finished execution at Fri Apr  9 09:03:04 2021 - took 246.5784285068512

real	4m7.310s
user	0m0.015s
sys	0m0.009s
