1 Node 8 Cores
2021-04-09 08:52:28,026 - INFO - Starting execution at Fri Apr  9 08:52:28 2021
2021-04-09 08:52:28,096 - INFO - Commencing processing of chunk beginning at 0 of 14989216936 of size 1873652117 at worker 0
2021-04-09 08:52:28,096 - INFO - Commencing processing of chunk beginning at 1873652117 of 14989216936 of size 1873652117 at worker 1
2021-04-09 08:52:28,096 - INFO - Commencing processing of chunk beginning at 3747304234 of 14989216936 of size 1873652117 at worker 2
2021-04-09 08:52:28,096 - INFO - Commencing processing of chunk beginning at 5620956351 of 14989216936 of size 1873652117 at worker 3
2021-04-09 08:52:28,096 - INFO - Commencing processing of chunk beginning at 7494608468 of 14989216936 of size 1873652117 at worker 4
2021-04-09 08:52:28,096 - INFO - Commencing processing of chunk beginning at 9368260585 of 14989216936 of size 1873652117 at worker 5
2021-04-09 08:52:28,096 - INFO - Commencing processing of chunk beginning at 11241912702 of 14989216936 of size 1873652117 at worker 6
2021-04-09 08:52:28,096 - INFO - Commencing processing of chunk beginning at 13115564819 of 14989216936 of size 1873652117 at worker 7
2021-04-09 08:52:45,877 - WARNING - Issue with searching tweet for co-ordinates
2021-04-09 08:52:45,967 - INFO - Succesfully parsed file portion 1/2 at worker 2
2021-04-09 08:52:46,099 - INFO - Succesfully parsed file portion 1/2 at worker 5
2021-04-09 08:52:46,343 - INFO - Succesfully parsed file portion 1/2 at worker 0
2021-04-09 08:52:46,366 - WARNING - Issue with searching tweet for co-ordinates
2021-04-09 08:52:46,436 - INFO - Succesfully parsed file portion 1/2 at worker 3
2021-04-09 08:52:46,572 - INFO - Succesfully parsed file portion 1/2 at worker 7
2021-04-09 08:52:47,157 - WARNING - Issue with searching tweet for co-ordinates
2021-04-09 08:52:47,348 - INFO - Succesfully parsed file portion 1/2 at worker 6
2021-04-09 08:52:47,570 - INFO - Succesfully parsed file portion 1/2 at worker 1
2021-04-09 08:52:48,404 - INFO - Succesfully parsed file portion 1/2 at worker 4
2021-04-09 08:53:06,145 - WARNING - Issue with searching tweet for co-ordinates
2021-04-09 08:53:06,296 - INFO - Succesfully parsed file portion 2/2 at worker 2
2021-04-09 08:53:06,668 - INFO - Succesfully parsed file portion 2/2 at worker 3
2021-04-09 08:53:07,395 - WARNING - Issue with searching tweet for co-ordinates
2021-04-09 08:53:07,514 - INFO - Succesfully parsed file portion 2/2 at worker 0
2021-04-09 08:53:07,535 - INFO - Succesfully parsed file portion 2/2 at worker 6
2021-04-09 08:53:07,870 - INFO - Succesfully parsed file portion 2/2 at worker 5
2021-04-09 08:53:08,546 - WARNING - Issue with searching tweet for co-ordinates
2021-04-09 08:53:08,547 - INFO - Succesfully parsed file portion 2/2 at worker 7
2021-04-09 08:53:08,744 - INFO - Succesfully parsed file portion 2/2 at worker 1
2021-04-09 08:53:09,319 - WARNING - Issue with searching tweet for co-ordinates
2021-04-09 08:53:09,457 - INFO - Succesfully parsed file portion 2/2 at worker 4
2021-04-09 08:53:09,464 - INFO - Worker 0 finished.
2021-04-09 08:53:09,465 - INFO - Master process completed. Now gathering return data from all slaves
2021-04-09 08:53:09,465 - INFO - Succesfully combined output from all slaves
2021-04-09 08:53:09,465 - INFO - A1, Tweet count: 2754, Sentiment score: 635
2021-04-09 08:53:09,465 - INFO - A2, Tweet count: 4904, Sentiment score: 3829
2021-04-09 08:53:09,466 - INFO - A3, Tweet count: 6000, Sentiment score: 2470
2021-04-09 08:53:09,466 - INFO - A4, Tweet count: 394, Sentiment score: 49
2021-04-09 08:53:09,466 - INFO - B1, Tweet count: 21230, Sentiment score: 10082
2021-04-09 08:53:09,466 - INFO - B2, Tweet count: 107764, Sentiment score: 23647
2021-04-09 08:53:09,466 - INFO - B3, Tweet count: 34331, Sentiment score: 17083
2021-04-09 08:53:09,466 - INFO - B4, Tweet count: 6763, Sentiment score: 4987
2021-04-09 08:53:09,466 - INFO - C1, Tweet count: 10643, Sentiment score: 6400
2021-04-09 08:53:09,466 - INFO - C2, Tweet count: 246543, Sentiment score: 153610
2021-04-09 08:53:09,466 - INFO - C3, Tweet count: 69888, Sentiment score: 34610
2021-04-09 08:53:09,466 - INFO - C4, Tweet count: 25963, Sentiment score: 16718
2021-04-09 08:53:09,466 - INFO - C5, Tweet count: 5581, Sentiment score: 2089
2021-04-09 08:53:09,466 - INFO - D3, Tweet count: 16316, Sentiment score: 6664
2021-04-09 08:53:09,466 - INFO - D4, Tweet count: 16665, Sentiment score: 7953
2021-04-09 08:53:09,466 - INFO - D5, Tweet count: 4705, Sentiment score: 3068
2021-04-09 08:53:09,466 - INFO - Finished execution at Fri Apr  9 08:53:09 2021 - took 41.4397668838501
2021-04-09 08:53:09,465 - INFO - Worker 1 finished.
2021-04-09 08:53:09,465 - INFO - Worker 2 finished.
2021-04-09 08:53:09,464 - INFO - Worker 3 finished.
2021-04-09 08:53:09,465 - INFO - Worker 4 finished.
2021-04-09 08:53:09,465 - INFO - Worker 5 finished.
2021-04-09 08:53:09,464 - INFO - Worker 6 finished.
2021-04-09 08:53:09,465 - INFO - Worker 7 finished.

real	0m44.124s
user	0m0.015s
sys	0m0.016s
