1 Node 8 Cores
2021-04-12 01:42:16,492 - INFO - Starting execution at Mon Apr 12 01:42:16 2021
2021-04-12 01:42:16,563 - INFO - Commencing processing of chunk beginning at 0 of 14989216936 of size 1873652117 at worker 0
2021-04-12 01:42:16,563 - INFO - Commencing processing of chunk beginning at 1873652117 of 14989216936 of size 1873652117 at worker 1
2021-04-12 01:42:16,563 - INFO - Commencing processing of chunk beginning at 3747304234 of 14989216936 of size 1873652117 at worker 2
2021-04-12 01:42:16,563 - INFO - Commencing processing of chunk beginning at 5620956351 of 14989216936 of size 1873652117 at worker 3
2021-04-12 01:42:16,563 - INFO - Commencing processing of chunk beginning at 7494608468 of 14989216936 of size 1873652117 at worker 4
2021-04-12 01:42:16,563 - INFO - Commencing processing of chunk beginning at 9368260585 of 14989216936 of size 1873652117 at worker 5
2021-04-12 01:42:16,563 - INFO - Commencing processing of chunk beginning at 11241912702 of 14989216936 of size 1873652117 at worker 6
2021-04-12 01:42:16,563 - INFO - Commencing processing of chunk beginning at 13115564819 of 14989216936 of size 1873652117 at worker 7
2021-04-12 01:42:32,932 - WARNING - Issue with searching tweet for co-ordinates
2021-04-12 01:42:32,941 - INFO - Succesfully parsed file portion 1/2 at worker 1
2021-04-12 01:42:32,979 - INFO - Succesfully parsed file portion 1/2 at worker 0
2021-04-12 01:42:33,062 - INFO - Succesfully parsed file portion 1/2 at worker 2
2021-04-12 01:42:33,108 - WARNING - Issue with searching tweet for co-ordinates
2021-04-12 01:42:33,255 - INFO - Succesfully parsed file portion 1/2 at worker 7
2021-04-12 01:42:33,319 - INFO - Succesfully parsed file portion 1/2 at worker 3
2021-04-12 01:42:33,548 - INFO - Succesfully parsed file portion 1/2 at worker 5
2021-04-12 01:42:33,628 - INFO - Succesfully parsed file portion 1/2 at worker 4
2021-04-12 01:42:33,852 - WARNING - Issue with searching tweet for co-ordinates
2021-04-12 01:42:33,984 - INFO - Succesfully parsed file portion 1/2 at worker 6
2021-04-12 01:42:49,109 - WARNING - Issue with searching tweet for co-ordinates
2021-04-12 01:42:49,227 - INFO - Succesfully parsed file portion 2/2 at worker 2
2021-04-12 01:42:49,228 - INFO - Succesfully parsed file portion 2/2 at worker 3
2021-04-12 01:42:49,721 - WARNING - Issue with searching tweet for co-ordinates
2021-04-12 01:42:49,825 - INFO - Succesfully parsed file portion 2/2 at worker 0
2021-04-12 01:42:49,834 - WARNING - Issue with searching tweet for co-ordinates
2021-04-12 01:42:49,942 - INFO - Succesfully parsed file portion 2/2 at worker 1
2021-04-12 01:42:50,031 - INFO - Succesfully parsed file portion 2/2 at worker 6
2021-04-12 01:42:50,549 - WARNING - Issue with searching tweet for co-ordinates
2021-04-12 01:42:50,649 - INFO - Succesfully parsed file portion 2/2 at worker 4
2021-04-12 01:42:50,882 - INFO - Succesfully parsed file portion 2/2 at worker 5
2021-04-12 01:42:50,996 - INFO - Succesfully parsed file portion 2/2 at worker 7
2021-04-12 01:42:51,002 - INFO - Worker 0 finished.
2021-04-12 01:42:51,003 - INFO - Master process completed. Now gathering return data from all slaves
2021-04-12 01:42:51,003 - INFO - Succesfully combined output from all slaves
2021-04-12 01:42:51,003 - INFO - A1, Tweet count: 2752, Sentiment score: 635
2021-04-12 01:42:51,003 - INFO - A2, Tweet count: 4904, Sentiment score: 3829
2021-04-12 01:42:51,003 - INFO - A3, Tweet count: 5824, Sentiment score: 2469
2021-04-12 01:42:51,003 - INFO - A4, Tweet count: 381, Sentiment score: 47
2021-04-12 01:42:51,003 - INFO - B1, Tweet count: 21232, Sentiment score: 10082
2021-04-12 01:42:51,003 - INFO - B2, Tweet count: 107384, Sentiment score: 23500
2021-04-12 01:42:51,003 - INFO - B3, Tweet count: 34493, Sentiment score: 17080
2021-04-12 01:42:51,003 - INFO - B4, Tweet count: 6642, Sentiment score: 4864
2021-04-12 01:42:51,003 - INFO - C1, Tweet count: 10530, Sentiment score: 6319
2021-04-12 01:42:51,003 - INFO - C2, Tweet count: 246826, Sentiment score: 153657
2021-04-12 01:42:51,003 - INFO - C3, Tweet count: 69900, Sentiment score: 34614
2021-04-12 01:42:51,003 - INFO - C4, Tweet count: 26096, Sentiment score: 16843
2021-04-12 01:42:51,003 - INFO - C5, Tweet count: 5581, Sentiment score: 2089
2021-04-12 01:42:51,003 - INFO - D3, Tweet count: 16220, Sentiment score: 6544
2021-04-12 01:42:51,003 - INFO - D4, Tweet count: 16536, Sentiment score: 8121
2021-04-12 01:42:51,003 - INFO - D5, Tweet count: 4705, Sentiment score: 3068
2021-04-12 01:42:51,003 - INFO - Finished execution at Mon Apr 12 01:42:51 2021 - took 34.511003494262695
2021-04-12 01:42:51,002 - INFO - Worker 1 finished.
2021-04-12 01:42:51,002 - INFO - Worker 2 finished.
2021-04-12 01:42:51,002 - INFO - Worker 3 finished.
2021-04-12 01:42:51,002 - INFO - Worker 4 finished.
2021-04-12 01:42:51,002 - INFO - Worker 5 finished.
2021-04-12 01:42:51,002 - INFO - Worker 6 finished.
2021-04-12 01:42:51,002 - INFO - Worker 7 finished.

real	0m36.564s
user	0m0.011s
sys	0m0.014s
