1 Node 1 Core
2021-04-12 01:42:01,701 - INFO - Starting execution at Mon Apr 12 01:42:01 2021
2021-04-12 01:42:01,816 - INFO - Commencing processing of chunk beginning at 0 of 14989216936 of size 14989216936 at worker 0
2021-04-12 01:42:20,518 - INFO - Succesfully parsed file portion 1/14 at worker 0
2021-04-12 01:42:38,099 - INFO - Succesfully parsed file portion 2/14 at worker 0
2021-04-12 01:42:55,903 - INFO - Succesfully parsed file portion 3/14 at worker 0
2021-04-12 01:43:14,446 - WARNING - Issue with searching tweet for co-ordinates
2021-04-12 01:43:14,581 - INFO - Succesfully parsed file portion 4/14 at worker 0
2021-04-12 01:43:31,508 - WARNING - Issue with searching tweet for co-ordinates
2021-04-12 01:43:31,694 - INFO - Succesfully parsed file portion 5/14 at worker 0
2021-04-12 01:43:52,463 - INFO - Succesfully parsed file portion 6/14 at worker 0
2021-04-12 01:44:09,656 - INFO - Succesfully parsed file portion 7/14 at worker 0
2021-04-12 01:44:28,441 - INFO - Succesfully parsed file portion 8/14 at worker 0
2021-04-12 01:44:47,179 - INFO - Succesfully parsed file portion 9/14 at worker 0
2021-04-12 01:45:05,543 - INFO - Succesfully parsed file portion 10/14 at worker 0
2021-04-12 01:45:24,658 - INFO - Succesfully parsed file portion 11/14 at worker 0
2021-04-12 01:45:43,281 - INFO - Succesfully parsed file portion 12/14 at worker 0
2021-04-12 01:46:00,850 - WARNING - Issue with searching tweet for co-ordinates
2021-04-12 01:46:00,992 - INFO - Succesfully parsed file portion 13/14 at worker 0
2021-04-12 01:46:19,907 - INFO - Succesfully parsed file portion 14/14 at worker 0
2021-04-12 01:46:19,916 - INFO - Worker 0 finished.
2021-04-12 01:46:19,917 - INFO - A1, Tweet count: 2752, Sentiment score: 635
2021-04-12 01:46:19,917 - INFO - A2, Tweet count: 4904, Sentiment score: 3829
2021-04-12 01:46:19,917 - INFO - A3, Tweet count: 5824, Sentiment score: 2469
2021-04-12 01:46:19,917 - INFO - A4, Tweet count: 381, Sentiment score: 47
2021-04-12 01:46:19,917 - INFO - B1, Tweet count: 21232, Sentiment score: 10082
2021-04-12 01:46:19,917 - INFO - B2, Tweet count: 107385, Sentiment score: 23501
2021-04-12 01:46:19,917 - INFO - B3, Tweet count: 34493, Sentiment score: 17080
2021-04-12 01:46:19,917 - INFO - B4, Tweet count: 6642, Sentiment score: 4864
2021-04-12 01:46:19,917 - INFO - C1, Tweet count: 10530, Sentiment score: 6319
2021-04-12 01:46:19,917 - INFO - C2, Tweet count: 246825, Sentiment score: 153656
2021-04-12 01:46:19,917 - INFO - C3, Tweet count: 69900, Sentiment score: 34614
2021-04-12 01:46:19,917 - INFO - C4, Tweet count: 26096, Sentiment score: 16843
2021-04-12 01:46:19,917 - INFO - C5, Tweet count: 5581, Sentiment score: 2089
2021-04-12 01:46:19,917 - INFO - D3, Tweet count: 16220, Sentiment score: 6544
2021-04-12 01:46:19,917 - INFO - D4, Tweet count: 16536, Sentiment score: 8121
2021-04-12 01:46:19,917 - INFO - D5, Tweet count: 4705, Sentiment score: 3068
2021-04-12 01:46:19,917 - INFO - Finished execution at Mon Apr 12 01:46:19 2021 - took 258.2157280445099

real	4m19.043s
user	0m0.015s
sys	0m0.012s
