1 Node 8 Cores
2021-04-08 20:10:52,958 - INFO - Starting execution at Thu Apr  8 20:10:52 2021
2021-04-08 20:10:53,222 - INFO - Commencing processing of chunk beginning at 0 of 14989216936 of size 1873652117 at worker 0
2021-04-08 20:10:53,222 - INFO - Commencing processing of chunk beginning at 1873652117 of 14989216936 of size 1873652117 at worker 1
2021-04-08 20:10:53,222 - INFO - Commencing processing of chunk beginning at 3747304234 of 14989216936 of size 1873652117 at worker 2
2021-04-08 20:10:53,222 - INFO - Commencing processing of chunk beginning at 5620956351 of 14989216936 of size 1873652117 at worker 3
2021-04-08 20:10:53,222 - INFO - Commencing processing of chunk beginning at 7494608468 of 14989216936 of size 1873652117 at worker 4
2021-04-08 20:10:53,222 - INFO - Commencing processing of chunk beginning at 9368260585 of 14989216936 of size 1873652117 at worker 5
2021-04-08 20:10:53,222 - INFO - Commencing processing of chunk beginning at 11241912702 of 14989216936 of size 1873652117 at worker 6
2021-04-08 20:10:53,222 - INFO - Commencing processing of chunk beginning at 13115564819 of 14989216936 of size 1873652117 at worker 7
2021-04-08 20:10:57,588 - WARNING - Could not process tweets in file portion 1/2 at worker 6
2021-04-08 20:10:57,917 - WARNING - Could not process tweets in file portion 1/2 at worker 3
2021-04-08 20:10:58,566 - WARNING - Could not process tweets in file portion 1/2 at worker 0
2021-04-08 20:10:58,661 - WARNING - Could not process tweets in file portion 1/2 at worker 1
2021-04-08 20:10:58,796 - WARNING - Could not process tweets in file portion 1/2 at worker 7
2021-04-08 20:10:58,869 - WARNING - Could not process tweets in file portion 1/2 at worker 4
2021-04-08 20:11:00,279 - WARNING - Could not process tweets in file portion 1/2 at worker 2
2021-04-08 20:11:02,274 - WARNING - Could not process tweets in file portion 1/2 at worker 5
2021-04-08 20:11:06,656 - WARNING - Could not process tweets in file portion 2/2 at worker 2
2021-04-08 20:11:07,190 - WARNING - Could not process tweets in file portion 2/2 at worker 0
2021-04-08 20:11:09,858 - WARNING - Could not process tweets in file portion 2/2 at worker 5
2021-04-08 20:11:09,925 - WARNING - Could not process tweets in file portion 2/2 at worker 7
2021-04-08 20:11:11,100 - WARNING - Could not process tweets in file portion 2/2 at worker 4
2021-04-08 20:11:14,807 - WARNING - Could not process tweets in file portion 2/2 at worker 6
2021-04-08 20:11:17,253 - INFO - Succesfully parsed file portion 2/2 at worker 3
2021-04-08 20:11:17,932 - WARNING - Issue with searching tweet for co-ordinates
2021-04-08 20:11:18,087 - INFO - Succesfully parsed file portion 2/2 at worker 1
2021-04-08 20:11:18,093 - INFO - Number of processes: 8
2021-04-08 20:11:18,093 - INFO - Calling slave 1 to return data
2021-04-08 20:11:18,093 - INFO - Calling slave 2 to return data
2021-04-08 20:11:18,093 - INFO - Calling slave 3 to return data
2021-04-08 20:11:18,093 - INFO - Calling slave 4 to return data
2021-04-08 20:11:18,094 - INFO - Calling slave 5 to return data
2021-04-08 20:11:18,094 - INFO - Calling slave 6 to return data
2021-04-08 20:11:18,094 - INFO - Calling slave 7 to return data
2021-04-08 20:11:18,094 - INFO - Succesfully received output from slave 1
2021-04-08 20:11:18,094 - INFO - Succesfully received output from slave 2
2021-04-08 20:11:18,094 - INFO - Succesfully received output from slave 3
2021-04-08 20:11:18,094 - INFO - Succesfully received output from slave 4
2021-04-08 20:11:18,094 - INFO - Succesfully received output from slave 5
2021-04-08 20:11:18,095 - INFO - Succesfully received output from slave 6
2021-04-08 20:11:18,095 - INFO - Succesfully received output from slave 7
2021-04-08 20:11:18,095 - INFO - Notifying slave 1 that the process is complete
2021-04-08 20:11:18,095 - INFO - Notifying slave 2 that the process is complete
2021-04-08 20:11:18,095 - INFO - Notifying slave 3 that the process is complete
2021-04-08 20:11:18,095 - INFO - Notifying slave 4 that the process is complete
2021-04-08 20:11:18,095 - INFO - Notifying slave 5 that the process is complete
2021-04-08 20:11:18,095 - INFO - Notifying slave 6 that the process is complete
2021-04-08 20:11:18,095 - INFO - Notifying slave 7 that the process is complete
2021-04-08 20:11:18,095 - INFO - A1, Tweet count: 2743, Sentiment score: 632
2021-04-08 20:11:18,095 - INFO - A2, Tweet count: 0, Sentiment score: 0
2021-04-08 20:11:18,095 - INFO - A3, Tweet count: 0, Sentiment score: 0
2021-04-08 20:11:18,095 - INFO - A4, Tweet count: 0, Sentiment score: 0
2021-04-08 20:11:18,095 - INFO - B1, Tweet count: 15485, Sentiment score: 7846
2021-04-08 20:11:18,095 - INFO - B2, Tweet count: 49247, Sentiment score: -7487
2021-04-08 20:11:18,095 - INFO - B3, Tweet count: 442, Sentiment score: 284
2021-04-08 20:11:18,095 - INFO - B4, Tweet count: 0, Sentiment score: 0
2021-04-08 20:11:18,095 - INFO - C1, Tweet count: 10643, Sentiment score: 6400
2021-04-08 20:11:18,095 - INFO - C2, Tweet count: 163976, Sentiment score: 102203
2021-04-08 20:11:18,095 - INFO - C3, Tweet count: 9869, Sentiment score: 4105
2021-04-08 20:11:18,095 - INFO - C4, Tweet count: 0, Sentiment score: 0
2021-04-08 20:11:18,095 - INFO - C5, Tweet count: 0, Sentiment score: 0
2021-04-08 20:11:18,095 - INFO - D3, Tweet count: 12944, Sentiment score: 5056
2021-04-08 20:11:18,095 - INFO - D4, Tweet count: 14297, Sentiment score: 6991
2021-04-08 20:11:18,095 - INFO - D5, Tweet count: 4643, Sentiment score: 3035
2021-04-08 20:11:18,095 - INFO - Finished execution at Thu Apr  8 20:11:18 2021 - took 25.136524438858032

real	0m27.646s
user	0m0.020s
sys	0m0.007s
